<?xml version="1.0" encoding="UTF-8"?>
<!-- Generated by org.testng.reporters.JUnitReportReporter -->
<testsuite hostname="DESKTOP-V7A1NRS" failures="0" tests="1" name="testCases.LoginTc1" time="3.736" errors="0" timestamp="2023-11-04T12:46:30 IST" skipped="0">
  <testcase classname="testCases.LoginTc1" name="voidcheckLogin" time="3.736"/>
</testsuite> <!-- testCases.LoginTc1 -->
