<?xml version="1.0" encoding="UTF-8"?>
<!-- Generated by org.testng.reporters.JUnitReportReporter -->
<testsuite hostname="DESKTOP-V7A1NRS" failures="0" tests="1" name="testCases.AddToCartTC" time="5.670" errors="0" timestamp="2023-11-04T13:51:34 IST" skipped="0">
  <testcase classname="testCases.AddToCartTC" name="AddToCartProduct" time="5.670"/>
</testsuite> <!-- testCases.AddToCartTC -->
