<?xml version="1.0" encoding="UTF-8"?>
<!-- Generated by org.testng.reporters.JUnitReportReporter -->
<testsuite hostname="DESKTOP-V7A1NRS" failures="0" tests="1" name="testCases.FormTC" time="9.834" errors="0" timestamp="2023-11-04T13:14:23 IST" skipped="0">
  <testcase classname="testCases.FormTC" name="FillContactForm" time="9.834"/>
</testsuite> <!-- testCases.FormTC -->
