<?xml version="1.0" encoding="UTF-8"?>
<!-- Generated by org.testng.reporters.JUnitReportReporter -->
<testsuite hostname="DESKTOP-V7A1NRS" failures="0" tests="1" name="testCases.SearchTC" time="6.843" errors="0" timestamp="2023-11-04T13:38:37 IST" skipped="0">
  <testcase classname="testCases.SearchTC" name="SearchforProduct" time="6.843"/>
</testsuite> <!-- testCases.SearchTC -->
